{
  "RSpec": {
    "coverage": {
      "/Users/almas/Desktop/projects/makers/week_3/battle/app.rb": {
        "lines": [
          null,
          null,
          1,
          1,
          1,
          null,
          1,
          1,
          1,
          0,
          null,
          null,
          1,
          4,
          null,
          null,
          1,
          4,
          4,
          4,
          null,
          null,
          1,
          5,
          5,
          5,
          5,
          5,
          null,
          null,
          1,
          2,
          2,
          2,
          2,
          null,
          null,
          1,
          null
        ]
      },
      "/Users/almas/Desktop/projects/makers/week_3/battle/lib/player.rb": {
        "lines": [
          null,
          null,
          1,
          1,
          null,
          1,
          1,
          null,
          1,
          13,
          13,
          null,
          null,
          1,
          3,
          null,
          null,
          1,
          4,
          null,
          null
        ]
      },
      "/Users/almas/Desktop/projects/makers/week_3/battle/spec/features/web_helpers.rb": {
        "lines": [
          null,
          null,
          1,
          4,
          4,
          4,
          4,
          null
        ]
      },
      "/Users/almas/Desktop/projects/makers/week_3/battle/spec/features/attack_spec.rb": {
        "lines": [
          null,
          null,
          1,
          1,
          2,
          2,
          null,
          null,
          1,
          1,
          null,
          null,
          1,
          1,
          1,
          1,
          null,
          null
        ]
      },
      "/Users/almas/Desktop/projects/makers/week_3/battle/spec/features/enter_names_spec.rb": {
        "lines": [
          null,
          null,
          1,
          1,
          1,
          1,
          null,
          null
        ]
      },
      "/Users/almas/Desktop/projects/makers/week_3/battle/spec/features/hit_point_spec.rb": {
        "lines": [
          null,
          null,
          1,
          1,
          1,
          1,
          null,
          null
        ]
      },
      "/Users/almas/Desktop/projects/makers/week_3/battle/spec/player_spec.rb": {
        "lines": [
          null,
          null,
          1,
          null,
          1,
          5,
          2,
          2,
          3,
          null,
          1,
          1,
          1,
          null,
          null,
          null,
          1,
          1,
          1,
          null,
          null,
          null,
          1,
          1,
          4,
          null,
          null,
          null,
          1,
          1,
          4,
          null,
          null,
          null
        ]
      }
    },
    "timestamp": 1618439157
  }
}
