{
  "RSpec": {
    "coverage": {
      "/Users/almas/Desktop/projects/makers/week_3/battle/app.rb": {
        "lines": [
          null,
          null,
          1,
          1,
          1,
          1,
          null,
          1,
          1,
          1,
          0,
          null,
          null,
          1,
          4,
          null,
          null,
          1,
          4,
          4,
          null,
          null,
          1,
          4,
          4,
          null,
          null,
          1,
          2,
          2,
          0,
          null,
          null,
          1,
          null
        ]
      },
      "/Users/almas/Desktop/projects/makers/week_3/battle/lib/player.rb": {
        "lines": [
          null,
          null,
          1,
          1,
          null,
          1,
          1,
          null,
          1,
          11,
          11,
          null,
          null,
          1,
          1,
          null,
          null
        ]
      },
      "/Users/almas/Desktop/projects/makers/week_3/battle/lib/game.rb": {
        "lines": [
          null,
          1,
          null,
          1,
          1,
          1,
          7,
          7,
          null,
          null,
          1,
          1,
          null,
          null
        ]
      },
      "/Users/almas/Desktop/projects/makers/week_3/battle/spec/features/web_helpers.rb": {
        "lines": [
          null,
          null,
          1,
          4,
          4,
          4,
          4,
          null
        ]
      },
      "/Users/almas/Desktop/projects/makers/week_3/battle/spec/features/attack_spec.rb": {
        "lines": [
          null,
          null,
          1,
          1,
          2,
          2,
          null,
          null,
          1,
          0,
          null,
          null,
          1,
          0,
          0,
          0,
          null,
          null
        ]
      },
      "/Users/almas/Desktop/projects/makers/week_3/battle/spec/features/enter_names_spec.rb": {
        "lines": [
          null,
          null,
          1,
          1,
          1,
          1,
          null,
          null
        ]
      },
      "/Users/almas/Desktop/projects/makers/week_3/battle/spec/features/hit_point_spec.rb": {
        "lines": [
          null,
          null,
          1,
          1,
          1,
          1,
          null,
          null
        ]
      },
      "/Users/almas/Desktop/projects/makers/week_3/battle/spec/game_spec.rb": {
        "lines": [
          null,
          null,
          1,
          null,
          1,
          4,
          4,
          4,
          null,
          2,
          null,
          1,
          2,
          null,
          1,
          1,
          1,
          null,
          null,
          null
        ]
      },
      "/Users/almas/Desktop/projects/makers/week_3/battle/spec/player_spec.rb": {
        "lines": [
          null,
          null,
          1,
          null,
          1,
          4,
          1,
          2,
          2,
          null,
          1,
          1,
          1,
          null,
          null,
          null,
          1,
          1,
          1,
          null,
          null,
          null,
          1,
          1,
          4,
          null,
          null,
          null,
          null
        ]
      }
    },
    "timestamp": 1618490173
  }
}
